<?xml version="1.0" encoding="UTF-8"?>
<testng-results ignored="0" total="1" passed="1" failed="0" skipped="0">
  <reporter-output>
  </reporter-output>
  <suite started-at="2022-09-16T10:23:21 IST" name="Default suite" finished-at="2022-09-16T10:23:21 IST" duration-ms="132">
    <groups>
    </groups>
    <test started-at="2022-09-16T10:23:21 IST" name="Default test" finished-at="2022-09-16T10:23:21 IST" duration-ms="132">
      <class name="SampleTests.SampleTest">
        <test-method signature="sampleTest()[pri:0, instance:SampleTests.SampleTest@1c93084c]" started-at="2022-09-16T10:23:21 IST" name="sampleTest" finished-at="2022-09-16T10:23:21 IST" duration-ms="24" status="PASS">
          <reporter-output>
          </reporter-output>
        </test-method> <!-- sampleTest -->
      </class> <!-- SampleTests.SampleTest -->
    </test> <!-- Default test -->
  </suite> <!-- Default suite -->
</testng-results>
